0 info it worked if it ends with ok
1 verbose cli [ '/usr/local/bin/node', '/usr/local/bin/npm', 'publish' ]
2 info using npm@3.10.9
3 info using node@v7.1.0
4 verbose publish [ '.' ]
5 silly cache add args [ '.', null ]
6 verbose cache add spec .
7 silly cache add parsed spec Result {
7 silly cache add   raw: '.',
7 silly cache add   scope: null,
7 silly cache add   escapedName: null,
7 silly cache add   name: null,
7 silly cache add   rawSpec: '.',
7 silly cache add   spec: '/home/romanb/Interesting/react-vue-style-loader',
7 silly cache add   type: 'directory' }
8 verbose addLocalDirectory /home/romanb/.npm/react-vue-style-loader/0.0.1/package.tgz not in flight; packing
9 verbose correctMkdir /home/romanb/.npm correctMkdir not in flight; initializing
10 info lifecycle react-vue-style-loader@0.0.1~prepublish: react-vue-style-loader@0.0.1
11 silly lifecycle react-vue-style-loader@0.0.1~prepublish: no script for prepublish, continuing
12 verbose tar pack [ '/home/romanb/.npm/react-vue-style-loader/0.0.1/package.tgz',
12 verbose tar pack   '/home/romanb/Interesting/react-vue-style-loader' ]
13 verbose tarball /home/romanb/.npm/react-vue-style-loader/0.0.1/package.tgz
14 verbose folder /home/romanb/Interesting/react-vue-style-loader
15 verbose addLocalTarball adding from inside cache /home/romanb/.npm/react-vue-style-loader/0.0.1/package.tgz
16 verbose correctMkdir /home/romanb/.npm correctMkdir not in flight; initializing
17 silly cache afterAdd react-vue-style-loader@0.0.1
18 verbose afterAdd /home/romanb/.npm/react-vue-style-loader/0.0.1/package/package.json not in flight; writing
19 verbose correctMkdir /home/romanb/.npm correctMkdir not in flight; initializing
20 verbose afterAdd /home/romanb/.npm/react-vue-style-loader/0.0.1/package/package.json written
21 silly publish { name: 'react-vue-style-loader',
21 silly publish   version: '0.0.1',
21 silly publish   description: 'A Webpack\'s loader for writing styles in <style> braces into your .js or .jsx files like a Vue',
21 silly publish   main: 'index.js',
21 silly publish   scripts: { test: 'echo "Error: no test specified" && exit 1' },
21 silly publish   repository:
21 silly publish    { type: 'git',
21 silly publish      url: 'git+https://github.com/3cL1p5e7/react-vue-style-loader.git' },
21 silly publish   keywords: [ 'webpack', 'css', 'jsx', 'react', 'vue' ],
21 silly publish   author: { name: 'Roman Belov', email: '3cL1p5e7@gmail.com' },
21 silly publish   license: 'MIT',
21 silly publish   bugs: { url: 'https://github.com/3cL1p5e7/react-vue-style-loader/issues' },
21 silly publish   homepage: 'https://github.com/3cL1p5e7/react-vue-style-loader#readme',
21 silly publish   readme: '# react-vue-style-loader\nWrite your style by "Vue-style" in js or jsx files\n',
21 silly publish   readmeFilename: 'README.md',
21 silly publish   gitHead: '9c3af3344a61f841c52da4b751097399c9283650',
21 silly publish   _id: 'react-vue-style-loader@0.0.1',
21 silly publish   _shasum: '19b24640cffa855e91b50cadc5c7f19223c0a8d5',
21 silly publish   _from: '.' }
22 verbose getPublishConfig undefined
23 silly mapToRegistry name react-vue-style-loader
24 silly mapToRegistry using default registry
25 silly mapToRegistry registry https://registry.npmjs.org/
26 silly mapToRegistry data Result {
26 silly mapToRegistry   raw: 'react-vue-style-loader',
26 silly mapToRegistry   scope: null,
26 silly mapToRegistry   escapedName: 'react-vue-style-loader',
26 silly mapToRegistry   name: 'react-vue-style-loader',
26 silly mapToRegistry   rawSpec: '',
26 silly mapToRegistry   spec: 'latest',
26 silly mapToRegistry   type: 'tag' }
27 silly mapToRegistry uri https://registry.npmjs.org/react-vue-style-loader
28 verbose publish registryBase https://registry.npmjs.org/
29 silly publish uploading /home/romanb/.npm/react-vue-style-loader/0.0.1/package.tgz
30 verbose request uri https://registry.npmjs.org/react-vue-style-loader
31 verbose request sending authorization for write operation
32 info attempt registry request try #1 at 16:26:21
33 verbose request using bearer token for auth
34 verbose request id 36c0cc4bfd4e91e5
35 http request PUT https://registry.npmjs.org/react-vue-style-loader
36 http 403 https://registry.npmjs.org/react-vue-style-loader
37 verbose headers { 'content-type': 'application/json',
37 verbose headers   'cache-control': 'max-age=300',
37 verbose headers   'content-length': '95',
37 verbose headers   'accept-ranges': 'bytes',
37 verbose headers   date: 'Mon, 24 Apr 2017 13:28:54 GMT',
37 verbose headers   via: '1.1 varnish',
37 verbose headers   connection: 'keep-alive',
37 verbose headers   'x-served-by': 'cache-ams4147-AMS',
37 verbose headers   'x-cache': 'MISS',
37 verbose headers   'x-cache-hits': '0',
37 verbose headers   'x-timer': 'S1493040533.169406,VS0,VE867',
37 verbose headers   vary: 'Accept-Encoding' }
38 verbose request invalidating /home/romanb/.npm/registry.npmjs.org/react-vue-style-loader on PUT
39 error publish Failed PUT 403
40 verbose stack Error: "You cannot publish over the previously published version 0.0.1." : react-vue-style-loader
40 verbose stack     at makeError (/usr/local/lib/node_modules/npm/node_modules/npm-registry-client/lib/request.js:302:12)
40 verbose stack     at CachingRegistryClient.<anonymous> (/usr/local/lib/node_modules/npm/node_modules/npm-registry-client/lib/request.js:290:14)
40 verbose stack     at Request._callback (/usr/local/lib/node_modules/npm/node_modules/npm-registry-client/lib/request.js:210:14)
40 verbose stack     at Request.self.callback (/usr/local/lib/node_modules/npm/node_modules/request/request.js:187:22)
40 verbose stack     at emitTwo (events.js:106:13)
40 verbose stack     at Request.emit (events.js:191:7)
40 verbose stack     at Request.<anonymous> (/usr/local/lib/node_modules/npm/node_modules/request/request.js:1048:10)
40 verbose stack     at emitOne (events.js:96:13)
40 verbose stack     at Request.emit (events.js:188:7)
40 verbose stack     at IncomingMessage.<anonymous> (/usr/local/lib/node_modules/npm/node_modules/request/request.js:969:12)
41 verbose statusCode 403
42 verbose pkgid react-vue-style-loader
43 verbose cwd /home/romanb/Interesting/react-vue-style-loader
44 error Linux 4.4.0-62-generic
45 error argv "/usr/local/bin/node" "/usr/local/bin/npm" "publish"
46 error node v7.1.0
47 error npm  v3.10.9
48 error code E403
49 error "You cannot publish over the previously published version 0.0.1." : react-vue-style-loader
50 error If you need help, you may report this error at:
50 error     <https://github.com/npm/npm/issues>
51 verbose exit [ 1, true ]
